{"/home/berg/code/Projetos/alura-nodejs-v1/src/app.js": {"path":"/home/berg/code/Projetos/alura-nodejs-v1/src/app.js","statementMap":{"0":{"start":{"line":7,"column":0},"end":{"line":7,"column":16}},"1":{"start":{"line":8,"column":12},"end":{"line":8,"column":21}},"2":{"start":{"line":9,"column":0},"end":{"line":11,"column":1}},"3":{"start":{"line":10,"column":2},"end":{"line":10,"column":14}},"4":{"start":{"line":14,"column":0},"end":{"line":14,"column":24}},"5":{"start":{"line":15,"column":0},"end":{"line":15,"column":25}},"6":{"start":{"line":16,"column":0},"end":{"line":16,"column":30}}},"fnMap":{},"branchMap":{"0":{"loc":{"start":{"line":9,"column":0},"end":{"line":11,"column":1}},"type":"if","locations":[{"start":{"line":9,"column":0},"end":{"line":11,"column":1}},{"start":{},"end":{}}],"line":9}},"s":{"0":2,"1":2,"2":2,"3":2,"4":2,"5":2,"6":2},"f":{},"b":{"0":[2,0]},"_coverageSchema":"1a1c01bbd47fc00a2c39e90264f33305004495a9","hash":"d129c330476816aeb508b93e39ed7a7069d60e37"}
,"/home/berg/code/Projetos/alura-nodejs-v1/src/helper.js": {"path":"/home/berg/code/Projetos/alura-nodejs-v1/src/helper.js","statementMap":{"0":{"start":{"line":7,"column":18},"end":{"line":7,"column":22}},"1":{"start":{"line":9,"column":0},"end":{"line":14,"column":3}},"2":{"start":{"line":10,"column":2},"end":{"line":10,"column":36}},"3":{"start":{"line":11,"column":2},"end":{"line":11,"column":49}},"4":{"start":{"line":12,"column":19},"end":{"line":12,"column":45}},"5":{"start":{"line":13,"column":2},"end":{"line":13,"column":35}},"6":{"start":{"line":16,"column":0},"end":{"line":19,"column":3}},"7":{"start":{"line":17,"column":2},"end":{"line":17,"column":36}},"8":{"start":{"line":18,"column":2},"end":{"line":18,"column":27}},"9":{"start":{"line":22,"column":2},"end":{"line":26,"column":5}}},"fnMap":{"0":{"name":"(anonymous_0)","decl":{"start":{"line":9,"column":10},"end":{"line":9,"column":11}},"loc":{"start":{"line":9,"column":22},"end":{"line":14,"column":1}},"line":9},"1":{"name":"(anonymous_1)","decl":{"start":{"line":16,"column":9},"end":{"line":16,"column":10}},"loc":{"start":{"line":16,"column":21},"end":{"line":19,"column":1}},"line":16},"2":{"name":"factoryBook","decl":{"start":{"line":21,"column":9},"end":{"line":21,"column":20}},"loc":{"start":{"line":21,"column":23},"end":{"line":27,"column":1}},"line":21}},"branchMap":{},"s":{"0":2,"1":2,"2":2,"3":2,"4":2,"5":2,"6":2,"7":2,"8":2,"9":4},"f":{"0":2,"1":2,"2":4},"b":{},"_coverageSchema":"1a1c01bbd47fc00a2c39e90264f33305004495a9","hash":"7bc577ce9cd030051c50518be6eb6ea3412b7eaf"}
,"/home/berg/code/Projetos/alura-nodejs-v1/src/domains/books/BooksController.js": {"path":"/home/berg/code/Projetos/alura-nodejs-v1/src/domains/books/BooksController.js","statementMap":{"0":{"start":{"line":5,"column":18},"end":{"line":5,"column":35}},"1":{"start":{"line":6,"column":4},"end":{"line":6,"column":32}},"2":{"start":{"line":10,"column":17},"end":{"line":10,"column":51}},"3":{"start":{"line":11,"column":4},"end":{"line":11,"column":31}},"4":{"start":{"line":15,"column":4},"end":{"line":22,"column":5}},"5":{"start":{"line":16,"column":19},"end":{"line":16,"column":37}},"6":{"start":{"line":17,"column":6},"end":{"line":17,"column":24}},"7":{"start":{"line":19,"column":6},"end":{"line":19,"column":33}},"8":{"start":{"line":21,"column":6},"end":{"line":21,"column":51}},"9":{"start":{"line":26,"column":4},"end":{"line":38,"column":5}},"10":{"start":{"line":27,"column":19},"end":{"line":27,"column":53}},"11":{"start":{"line":28,"column":6},"end":{"line":30,"column":7}},"12":{"start":{"line":29,"column":8},"end":{"line":29,"column":65}},"13":{"start":{"line":32,"column":6},"end":{"line":32,"column":25}},"14":{"start":{"line":33,"column":6},"end":{"line":33,"column":24}},"15":{"start":{"line":35,"column":6},"end":{"line":35,"column":33}},"16":{"start":{"line":37,"column":6},"end":{"line":37,"column":51}},"17":{"start":{"line":42,"column":4},"end":{"line":53,"column":5}},"18":{"start":{"line":43,"column":19},"end":{"line":43,"column":53}},"19":{"start":{"line":44,"column":6},"end":{"line":46,"column":7}},"20":{"start":{"line":45,"column":8},"end":{"line":45,"column":65}},"21":{"start":{"line":48,"column":6},"end":{"line":48,"column":23}},"22":{"start":{"line":50,"column":6},"end":{"line":50,"column":31}},"23":{"start":{"line":52,"column":6},"end":{"line":52,"column":51}}},"fnMap":{"0":{"name":"(anonymous_0)","decl":{"start":{"line":4,"column":2},"end":{"line":4,"column":3}},"loc":{"start":{"line":4,"column":33},"end":{"line":7,"column":3}},"line":4},"1":{"name":"(anonymous_1)","decl":{"start":{"line":9,"column":2},"end":{"line":9,"column":3}},"loc":{"start":{"line":9,"column":33},"end":{"line":12,"column":3}},"line":9},"2":{"name":"(anonymous_2)","decl":{"start":{"line":14,"column":2},"end":{"line":14,"column":3}},"loc":{"start":{"line":14,"column":32},"end":{"line":23,"column":3}},"line":14},"3":{"name":"(anonymous_3)","decl":{"start":{"line":25,"column":2},"end":{"line":25,"column":3}},"loc":{"start":{"line":25,"column":32},"end":{"line":39,"column":3}},"line":25},"4":{"name":"(anonymous_4)","decl":{"start":{"line":41,"column":2},"end":{"line":41,"column":3}},"loc":{"start":{"line":41,"column":32},"end":{"line":54,"column":3}},"line":41}},"branchMap":{"0":{"loc":{"start":{"line":28,"column":6},"end":{"line":30,"column":7}},"type":"if","locations":[{"start":{"line":28,"column":6},"end":{"line":30,"column":7}},{"start":{},"end":{}}],"line":28},"1":{"loc":{"start":{"line":44,"column":6},"end":{"line":46,"column":7}},"type":"if","locations":[{"start":{"line":44,"column":6},"end":{"line":46,"column":7}},{"start":{},"end":{}}],"line":44}},"s":{"0":1,"1":1,"2":1,"3":1,"4":1,"5":1,"6":1,"7":1,"8":0,"9":1,"10":1,"11":1,"12":0,"13":1,"14":1,"15":1,"16":0,"17":1,"18":1,"19":1,"20":0,"21":1,"22":1,"23":0},"f":{"0":1,"1":1,"2":1,"3":1,"4":1},"b":{"0":[0,1],"1":[0,1]},"_coverageSchema":"1a1c01bbd47fc00a2c39e90264f33305004495a9","hash":"abe22ebc6fe32f8cf063796ec63b7f8ec59607db"}
,"/home/berg/code/Projetos/alura-nodejs-v1/src/domains/books/index.js": {"path":"/home/berg/code/Projetos/alura-nodejs-v1/src/domains/books/index.js","statementMap":{"0":{"start":{"line":4,"column":15},"end":{"line":4,"column":23}},"1":{"start":{"line":6,"column":0},"end":{"line":6,"column":35}},"2":{"start":{"line":7,"column":0},"end":{"line":7,"column":39}},"3":{"start":{"line":8,"column":0},"end":{"line":8,"column":36}},"4":{"start":{"line":9,"column":0},"end":{"line":9,"column":37}},"5":{"start":{"line":10,"column":0},"end":{"line":10,"column":41}}},"fnMap":{},"branchMap":{},"s":{"0":2,"1":2,"2":2,"3":2,"4":2,"5":2},"f":{},"b":{},"_coverageSchema":"1a1c01bbd47fc00a2c39e90264f33305004495a9","hash":"022eab358a9dd359cab15c08c6adb173d6147b9c"}
,"/home/berg/code/Projetos/alura-nodejs-v1/src/domains/home/index.js": {"path":"/home/berg/code/Projetos/alura-nodejs-v1/src/domains/home/index.js","statementMap":{"0":{"start":{"line":3,"column":15},"end":{"line":3,"column":23}},"1":{"start":{"line":5,"column":0},"end":{"line":7,"column":3}},"2":{"start":{"line":6,"column":2},"end":{"line":6,"column":55}}},"fnMap":{"0":{"name":"(anonymous_0)","decl":{"start":{"line":5,"column":16},"end":{"line":5,"column":17}},"loc":{"start":{"line":5,"column":31},"end":{"line":7,"column":1}},"line":5}},"branchMap":{},"s":{"0":2,"1":2,"2":1},"f":{"0":1},"b":{},"_coverageSchema":"1a1c01bbd47fc00a2c39e90264f33305004495a9","hash":"8c057b60aad637c62571527ec6593f1b1bec3570"}
,"/home/berg/code/Projetos/alura-nodejs-v1/src/infra/mongodb.js": {"path":"/home/berg/code/Projetos/alura-nodejs-v1/src/infra/mongodb.js","statementMap":{"0":{"start":{"line":4,"column":19},"end":{"line":4,"column":47}},"1":{"start":{"line":5,"column":19},"end":{"line":5,"column":47}},"2":{"start":{"line":6,"column":15},"end":{"line":6,"column":39}},"3":{"start":{"line":8,"column":14},"end":{"line":8,"column":90}},"4":{"start":{"line":9,"column":2},"end":{"line":12,"column":76}},"5":{"start":{"line":11,"column":16},"end":{"line":11,"column":51}},"6":{"start":{"line":12,"column":22},"end":{"line":12,"column":74}}},"fnMap":{"0":{"name":"connect","decl":{"start":{"line":3,"column":15},"end":{"line":3,"column":22}},"loc":{"start":{"line":3,"column":25},"end":{"line":13,"column":1}},"line":3},"1":{"name":"(anonymous_1)","decl":{"start":{"line":11,"column":10},"end":{"line":11,"column":11}},"loc":{"start":{"line":11,"column":16},"end":{"line":11,"column":51}},"line":11},"2":{"name":"(anonymous_2)","decl":{"start":{"line":12,"column":11},"end":{"line":12,"column":12}},"loc":{"start":{"line":12,"column":22},"end":{"line":12,"column":74}},"line":12}},"branchMap":{},"s":{"0":2,"1":2,"2":2,"3":2,"4":2,"5":2,"6":0},"f":{"0":2,"1":2,"2":0},"b":{},"_coverageSchema":"1a1c01bbd47fc00a2c39e90264f33305004495a9","hash":"a8af87f697a87b32d9c482d148aaf71a2f05ec68"}
,"/home/berg/code/Projetos/alura-nodejs-v1/src/models/book.js": {"path":"/home/berg/code/Projetos/alura-nodejs-v1/src/models/book.js","statementMap":{"0":{"start":{"line":4,"column":19},"end":{"line":17,"column":2}},"1":{"start":{"line":19,"column":13},"end":{"line":19,"column":47}}},"fnMap":{},"branchMap":{},"s":{"0":2,"1":2},"f":{},"b":{},"_coverageSchema":"1a1c01bbd47fc00a2c39e90264f33305004495a9","hash":"732e2c45b258ab0bc1a724b4c8e1157358e6a12b"}
}
