{"/home/berg/code/Projetos/alura-nodejs-v1/src/app.js": {"path":"/home/berg/code/Projetos/alura-nodejs-v1/src/app.js","statementMap":{"0":{"start":{"line":7,"column":0},"end":{"line":7,"column":16}},"1":{"start":{"line":8,"column":12},"end":{"line":8,"column":21}},"2":{"start":{"line":9,"column":0},"end":{"line":11,"column":1}},"3":{"start":{"line":10,"column":2},"end":{"line":10,"column":14}},"4":{"start":{"line":17,"column":0},"end":{"line":17,"column":24}},"5":{"start":{"line":18,"column":0},"end":{"line":18,"column":25}},"6":{"start":{"line":19,"column":0},"end":{"line":19,"column":30}}},"fnMap":{},"branchMap":{"0":{"loc":{"start":{"line":9,"column":0},"end":{"line":11,"column":1}},"type":"if","locations":[{"start":{"line":9,"column":0},"end":{"line":11,"column":1}},{"start":{},"end":{}}],"line":9}},"s":{"0":1,"1":1,"2":1,"3":1,"4":1,"5":1,"6":1},"f":{},"b":{"0":[1,0]},"_coverageSchema":"1a1c01bbd47fc00a2c39e90264f33305004495a9","hash":"03527c2acb4eef26cff9386d342d54c63be093fb"}
,"/home/berg/code/Projetos/alura-nodejs-v1/src/domains/books/BooksController.js": {"path":"/home/berg/code/Projetos/alura-nodejs-v1/src/domains/books/BooksController.js","statementMap":{"0":{"start":{"line":5,"column":18},"end":{"line":5,"column":35}},"1":{"start":{"line":6,"column":4},"end":{"line":6,"column":20}}},"fnMap":{"0":{"name":"(anonymous_0)","decl":{"start":{"line":4,"column":2},"end":{"line":4,"column":3}},"loc":{"start":{"line":4,"column":33},"end":{"line":7,"column":3}},"line":4},"1":{"name":"(anonymous_1)","decl":{"start":{"line":9,"column":2},"end":{"line":9,"column":3}},"loc":{"start":{"line":9,"column":33},"end":{"line":11,"column":3}},"line":9},"2":{"name":"(anonymous_2)","decl":{"start":{"line":13,"column":2},"end":{"line":13,"column":3}},"loc":{"start":{"line":13,"column":32},"end":{"line":15,"column":3}},"line":13},"3":{"name":"(anonymous_3)","decl":{"start":{"line":17,"column":2},"end":{"line":17,"column":3}},"loc":{"start":{"line":17,"column":32},"end":{"line":19,"column":3}},"line":17},"4":{"name":"(anonymous_4)","decl":{"start":{"line":21,"column":2},"end":{"line":21,"column":3}},"loc":{"start":{"line":21,"column":32},"end":{"line":23,"column":3}},"line":21}},"branchMap":{},"s":{"0":1,"1":1},"f":{"0":1,"1":0,"2":0,"3":0,"4":0},"b":{},"_coverageSchema":"1a1c01bbd47fc00a2c39e90264f33305004495a9","hash":"b24e036fa9c067cb763ab7588e5619d1afb41707"}
,"/home/berg/code/Projetos/alura-nodejs-v1/src/domains/books/index.js": {"path":"/home/berg/code/Projetos/alura-nodejs-v1/src/domains/books/index.js","statementMap":{"0":{"start":{"line":4,"column":15},"end":{"line":4,"column":23}},"1":{"start":{"line":7,"column":0},"end":{"line":7,"column":35}},"2":{"start":{"line":10,"column":0},"end":{"line":12,"column":3}},"3":{"start":{"line":15,"column":0},"end":{"line":17,"column":3}},"4":{"start":{"line":20,"column":0},"end":{"line":22,"column":3}},"5":{"start":{"line":25,"column":0},"end":{"line":27,"column":3}}},"fnMap":{"0":{"name":"(anonymous_0)","decl":{"start":{"line":10,"column":19},"end":{"line":10,"column":20}},"loc":{"start":{"line":10,"column":33},"end":{"line":12,"column":1}},"line":10},"1":{"name":"(anonymous_1)","decl":{"start":{"line":15,"column":17},"end":{"line":15,"column":18}},"loc":{"start":{"line":15,"column":31},"end":{"line":17,"column":1}},"line":15},"2":{"name":"(anonymous_2)","decl":{"start":{"line":20,"column":19},"end":{"line":20,"column":20}},"loc":{"start":{"line":20,"column":33},"end":{"line":22,"column":1}},"line":20},"3":{"name":"(anonymous_3)","decl":{"start":{"line":25,"column":22},"end":{"line":25,"column":23}},"loc":{"start":{"line":25,"column":36},"end":{"line":27,"column":1}},"line":25}},"branchMap":{},"s":{"0":1,"1":1,"2":1,"3":1,"4":1,"5":1},"f":{"0":0,"1":0,"2":0,"3":0},"b":{},"_coverageSchema":"1a1c01bbd47fc00a2c39e90264f33305004495a9","hash":"ebcf41bdef3443ded7f867a72e303574453eea89"}
,"/home/berg/code/Projetos/alura-nodejs-v1/src/domains/home/index.js": {"path":"/home/berg/code/Projetos/alura-nodejs-v1/src/domains/home/index.js","statementMap":{"0":{"start":{"line":3,"column":15},"end":{"line":3,"column":23}},"1":{"start":{"line":5,"column":0},"end":{"line":7,"column":3}},"2":{"start":{"line":6,"column":2},"end":{"line":6,"column":40}}},"fnMap":{"0":{"name":"(anonymous_0)","decl":{"start":{"line":5,"column":16},"end":{"line":5,"column":17}},"loc":{"start":{"line":5,"column":31},"end":{"line":7,"column":1}},"line":5}},"branchMap":{},"s":{"0":1,"1":1,"2":0},"f":{"0":0},"b":{},"_coverageSchema":"1a1c01bbd47fc00a2c39e90264f33305004495a9","hash":"dbada2fd841f97336d5913f6ed7d2bec73e0de96"}
,"/home/berg/code/Projetos/alura-nodejs-v1/src/infra/mongodb.js": {"path":"/home/berg/code/Projetos/alura-nodejs-v1/src/infra/mongodb.js","statementMap":{"0":{"start":{"line":4,"column":19},"end":{"line":4,"column":47}},"1":{"start":{"line":5,"column":19},"end":{"line":5,"column":47}},"2":{"start":{"line":6,"column":15},"end":{"line":6,"column":39}},"3":{"start":{"line":9,"column":4},"end":{"line":9,"column":80}},"4":{"start":{"line":10,"column":2},"end":{"line":13,"column":76}},"5":{"start":{"line":12,"column":16},"end":{"line":12,"column":51}},"6":{"start":{"line":13,"column":22},"end":{"line":13,"column":74}}},"fnMap":{"0":{"name":"connect","decl":{"start":{"line":3,"column":9},"end":{"line":3,"column":16}},"loc":{"start":{"line":3,"column":19},"end":{"line":14,"column":1}},"line":3},"1":{"name":"(anonymous_1)","decl":{"start":{"line":12,"column":10},"end":{"line":12,"column":11}},"loc":{"start":{"line":12,"column":16},"end":{"line":12,"column":51}},"line":12},"2":{"name":"(anonymous_2)","decl":{"start":{"line":13,"column":11},"end":{"line":13,"column":12}},"loc":{"start":{"line":13,"column":22},"end":{"line":13,"column":74}},"line":13}},"branchMap":{},"s":{"0":1,"1":1,"2":1,"3":1,"4":1,"5":1,"6":0},"f":{"0":1,"1":1,"2":0},"b":{},"_coverageSchema":"1a1c01bbd47fc00a2c39e90264f33305004495a9","hash":"4391a27336475f1362999a17c57e5ac617944524"}
,"/home/berg/code/Projetos/alura-nodejs-v1/src/models/book.js": {"path":"/home/berg/code/Projetos/alura-nodejs-v1/src/models/book.js","statementMap":{"0":{"start":{"line":4,"column":19},"end":{"line":17,"column":2}},"1":{"start":{"line":19,"column":13},"end":{"line":19,"column":47}}},"fnMap":{},"branchMap":{},"s":{"0":1,"1":1},"f":{},"b":{},"_coverageSchema":"1a1c01bbd47fc00a2c39e90264f33305004495a9","hash":"732e2c45b258ab0bc1a724b4c8e1157358e6a12b"}
}
